# Building kernel-run [x86_64-qemu]
# Building am-archive [x86_64-qemu]
# Building klib-archive [x86_64-qemu]
+ LD -> build/kernel-x86_64-qemu.elf
# Creating image [x86_64-qemu]
+ CREATE -> build/kernel-x86_64-qemu
Got 121 MiB heap: [0x0000000000700000, 0x0000000008000000)
bitmap@0x0000000000105240
Hello World from CPU #0
0 0 alloc 0x0000000000700000 0x0000000000700004
0 1 alloc 0x0000000000700008 0x000000000070000d
0 2 alloc 0x0000000000700010 0x0000000000700016
0 3 alloc 0x0000000000700018 0x000000000070001f
0 4 alloc 0x0000000000700020 0x0000000000700028
0 5 alloc 0x0000000000700000 0x0000000000700009
0 6 alloc 0x0000000000700010 0x000000000070001a
0 7 alloc 0x0000000000700020 0x000000000070002b
0 8 alloc 0x0000000000700030 0x000000000070003c
0 9 alloc 0x0000000000700040 0x000000000070004d
0 10 alloc 0x0000000000700050 0x000000000070005e
0 11 alloc 0x0000000000700060 0x000000000070006f
0 12 alloc 0x0000000000700070 0x0000000000700080
0 13 alloc 0x0000000000700000 0x0000000000700011
0 14 alloc 0x0000000002700000 0x0000000002700012
0 15 alloc 0x0000000004700000 0x0000000004700013
0 16 alloc 0x0000000006700000 0x0000000006700014
0 17 alloc 0x0000000000000000 0x0000000000000015
0 18 alloc 0x0000000000000000 0x0000000000000016
0 19 alloc 0x0000000000000000 0x0000000000000017
0 0 free 0x0000000000700000
0 1 free 0x0000000000700008
0 2 free 0x0000000000700010
0 3 free 0x0000000000700018
0 4 free 0x0000000000700020
0 5 free 0x0000000000700000
0 6 free 0x0000000000700010
0 7 free 0x0000000000700020
0 8 free 0x0000000000700030
0 9 free 0x0000000000700040
0 10 free 0x0000000000700050
0 11 free 0x0000000000700060
0 12 free 0x0000000000700070
0 13 free 0x0000000000700000
0 14 free 0x0000000002700000
0 15 free 0x0000000004700000
0 16 free 0x0000000006700000
0 17 free 0x0000000000000000
0 18 free 0x0000000000000000
0 19 free 0x0000000000000000
